<?xml version="1.0" encoding="UTF-8"?><testsuite errors="0" failures="1" name="User Creates an account" skipped="1" tests="2" time="14.6" timestamp="2020-10-02 07:10:25"><testcase name="User can create an account"><failure message="ExceptionCreateAccount should have a constructor with the signature MyException(String message) and MyException(String message, Throwable cause)" type="java.lang.AssertionError">ExceptionCreateAccount should have a constructor with the signature MyException(String message) and MyException(String message, Throwable cause)</failure><system-err>ExceptionCreateAccount should have a constructor with the signature MyException(String message) and MyException(String message, Throwable cause)&#13;
co.com.automationpractice.certifications.automationpracticeweb.stepdefinitions.CreateAccount.theUserIsTakenMyAccountPage(CreateAccount.java:68)&#13;
✽.the user is taken my account page(src/test/java/co/com/automationpractice/certifications/automationpracticeweb/resources/features/create_account.feature:18)&#13;
</system-err></testcase><testcase name="user can log in account"><skipped/></testcase></testsuite>